c:\users\макс\desktop\29.02.2024_hw\29.02.2024_hw\x64\debug\vc143.pdb
c:\users\макс\desktop\29.02.2024_hw\29.02.2024_hw\x64\debug\vc143.idb
c:\users\макс\desktop\29.02.2024_hw\29.02.2024_hw\x64\debug\main.obj
d:\шаг\системне програмування\системне програмування дз\29.02.2024_hw\29.02.2024_hw\x64\debug\vc143.pdb
d:\шаг\системне програмування\системне програмування дз\29.02.2024_hw\29.02.2024_hw\x64\debug\vc143.idb
d:\шаг\системне програмування\системне програмування дз\29.02.2024_hw\29.02.2024_hw\x64\debug\main.obj
c:\users\макс\desktop\29.02.2024_hw\x64\debug\29.02.2024_hw.exe
c:\users\макс\desktop\29.02.2024_hw\x64\debug\29.02.2024_hw.pdb
c:\users\макс\desktop\29.02.2024_hw\29.02.2024_hw\x64\debug\29.02.2024_hw.res
c:\users\макс\desktop\29.02.2024_hw\29.02.2024_hw\x64\debug\29.02.2024_hw.ilk
d:\шаг\системне програмування\системне програмування дз\29.02.2024_hw\29.02.2024_hw\x64\debug\29.02.2024_hw.ilk
d:\шаг\системне програмування\системне програмування дз\29.02.2024_hw\x64\debug\29.02.2024_hw.pdb
d:\шаг\системне програмування\системне програмування дз\29.02.2024_hw\x64\debug\29.02.2024_hw.exe
d:\шаг\системне програмування\системне програмування дз\29.02.2024_hw\29.02.2024_hw\x64\debug\29.02.2024_hw.tlog\cl.command.1.tlog
d:\шаг\системне програмування\системне програмування дз\29.02.2024_hw\29.02.2024_hw\x64\debug\29.02.2024_hw.tlog\cl.items.tlog
d:\шаг\системне програмування\системне програмування дз\29.02.2024_hw\29.02.2024_hw\x64\debug\29.02.2024_hw.tlog\cl.read.1.tlog
d:\шаг\системне програмування\системне програмування дз\29.02.2024_hw\29.02.2024_hw\x64\debug\29.02.2024_hw.tlog\cl.write.1.tlog
d:\шаг\системне програмування\системне програмування дз\29.02.2024_hw\29.02.2024_hw\x64\debug\29.02.2024_hw.tlog\link.command.1.tlog
d:\шаг\системне програмування\системне програмування дз\29.02.2024_hw\29.02.2024_hw\x64\debug\29.02.2024_hw.tlog\link.read.1.tlog
d:\шаг\системне програмування\системне програмування дз\29.02.2024_hw\29.02.2024_hw\x64\debug\29.02.2024_hw.tlog\link.secondary.1.tlog
d:\шаг\системне програмування\системне програмування дз\29.02.2024_hw\29.02.2024_hw\x64\debug\29.02.2024_hw.tlog\link.write.1.tlog
d:\шаг\системне програмування\системне програмування дз\29.02.2024_hw\29.02.2024_hw\x64\debug\29.02.2024_hw.tlog\rc.command.1.tlog
d:\шаг\системне програмування\системне програмування дз\29.02.2024_hw\29.02.2024_hw\x64\debug\29.02.2024_hw.tlog\rc.read.1.tlog
d:\шаг\системне програмування\системне програмування дз\29.02.2024_hw\29.02.2024_hw\x64\debug\29.02.2024_hw.tlog\rc.write.1.tlog
